<?xml version="1.0" encoding="UTF-8"?>
<!-- Generated by org.testng.reporters.JUnitReportReporter -->
<testsuite hostname="DESKTOP-6O0UILP" failures="0" tests="1" name="test.test_googlesearch2" time="15.706" errors="0" timestamp="2022-12-18T17:55:05 IST" skipped="0">
  <testcase classname="test.test_googlesearch2" name="googlesearch" time="15.706"/>
  <system-out/>
</testsuite> <!-- test.test_googlesearch2 -->
